2021-07-29 11:04:10.168  INFO 10844 --- [restartedMain] com.cg.spring.boot.demo.Application      : Starting Application using Java 16.0.1 on LAPTOP-D8S8J9K6 with PID 10844 (C:\Users\91913\Documents\workspace-spring-tool-suite-4-4.11.0.RELEASE\com.cg.spring.boot.demo.june2021-main\target\classes started by 91913 in C:\Users\91913\Documents\workspace-spring-tool-suite-4-4.11.0.RELEASE\com.cg.spring.boot.demo.june2021-main)
2021-07-29 11:04:10.196  INFO 10844 --- [restartedMain] com.cg.spring.boot.demo.Application      : No active profile set, falling back to default profiles: default
2021-07-29 11:04:10.655  INFO 10844 --- [restartedMain] .e.DevToolsPropertyDefaultsPostProcessor : Devtools property defaults active! Set 'spring.devtools.add-properties' to 'false' to disable
2021-07-29 11:04:10.656  INFO 10844 --- [restartedMain] .e.DevToolsPropertyDefaultsPostProcessor : For additional web related logging consider setting the 'logging.level.web' property to 'DEBUG'
2021-07-29 11:04:13.059  INFO 10844 --- [restartedMain] .s.d.r.c.RepositoryConfigurationDelegate : Bootstrapping Spring Data JPA repositories in DEFAULT mode.
2021-07-29 11:04:13.153  INFO 10844 --- [restartedMain] .s.d.r.c.RepositoryConfigurationDelegate : Finished Spring Data repository scanning in 79 ms. Found 1 JPA repository interfaces.
2021-07-29 11:04:14.510  INFO 10844 --- [restartedMain] o.s.b.w.embedded.tomcat.TomcatWebServer  : Tomcat initialized with port(s): 8082 (http)
2021-07-29 11:04:14.523  INFO 10844 --- [restartedMain] o.apache.catalina.core.StandardService   : Starting service [Tomcat]
2021-07-29 11:04:14.524  INFO 10844 --- [restartedMain] org.apache.catalina.core.StandardEngine  : Starting Servlet engine: [Apache Tomcat/9.0.48]
2021-07-29 11:04:14.641  INFO 10844 --- [restartedMain] o.a.c.c.C.[Tomcat].[localhost].[/]       : Initializing Spring embedded WebApplicationContext
2021-07-29 11:04:14.644  INFO 10844 --- [restartedMain] w.s.c.ServletWebServerApplicationContext : Root WebApplicationContext: initialization completed in 3987 ms
2021-07-29 11:04:15.096  INFO 10844 --- [restartedMain] o.hibernate.jpa.internal.util.LogHelper  : HHH000204: Processing PersistenceUnitInfo [name: default]
2021-07-29 11:04:15.342  INFO 10844 --- [restartedMain] org.hibernate.Version                    : HHH000412: Hibernate ORM core version 5.4.32.Final
2021-07-29 11:04:15.707  INFO 10844 --- [restartedMain] o.hibernate.annotations.common.Version   : HCANN000001: Hibernate Commons Annotations {5.1.2.Final}
2021-07-29 11:04:15.919  INFO 10844 --- [restartedMain] com.zaxxer.hikari.HikariDataSource       : HikariPool-1 - Starting...
2021-07-29 11:04:23.966  INFO 10844 --- [restartedMain] com.zaxxer.hikari.HikariDataSource       : HikariPool-1 - Start completed.
2021-07-29 11:04:24.116  INFO 10844 --- [restartedMain] org.hibernate.dialect.Dialect            : HHH000400: Using dialect: org.hibernate.dialect.PostgreSQLDialect
2021-07-29 11:04:26.165  INFO 10844 --- [restartedMain] o.h.e.t.j.p.i.JtaPlatformInitiator       : HHH000490: Using JtaPlatform implementation: [org.hibernate.engine.transaction.jta.platform.internal.NoJtaPlatform]
2021-07-29 11:04:26.206  INFO 10844 --- [restartedMain] j.LocalContainerEntityManagerFactoryBean : Initialized JPA EntityManagerFactory for persistence unit 'default'
2021-07-29 11:04:27.362  WARN 10844 --- [restartedMain] JpaBaseConfiguration$JpaWebConfiguration : spring.jpa.open-in-view is enabled by default. Therefore, database queries may be performed during view rendering. Explicitly configure spring.jpa.open-in-view to disable this warning
2021-07-29 11:04:27.997  INFO 10844 --- [restartedMain] pertySourcedRequestMappingHandlerMapping : Mapped URL path [/v2/api-docs] onto method [springfox.documentation.swagger2.web.Swagger2Controller#getDocumentation(String, HttpServletRequest)]
2021-07-29 11:04:28.003  INFO 10844 --- [restartedMain] com.cg.spring.boot.demo.SwaggerConfig    : Docket api
2021-07-29 11:04:28.209  INFO 10844 --- [restartedMain] o.s.b.d.a.OptionalLiveReloadServer       : LiveReload server is running on port 35729
2021-07-29 11:04:29.494  INFO 10844 --- [restartedMain] o.s.b.w.embedded.tomcat.TomcatWebServer  : Tomcat started on port(s): 8082 (http) with context path ''
2021-07-29 11:04:29.496  INFO 10844 --- [restartedMain] d.s.w.p.DocumentationPluginsBootstrapper : Context refreshed
2021-07-29 11:04:29.517  INFO 10844 --- [restartedMain] d.s.w.p.DocumentationPluginsBootstrapper : Found 1 custom documentation plugin(s)
2021-07-29 11:04:29.577  INFO 10844 --- [restartedMain] s.d.s.w.s.ApiListingReferenceScanner     : Scanning for api listing references
2021-07-29 11:04:29.911  INFO 10844 --- [restartedMain] com.cg.spring.boot.demo.Application      : Started Application in 20.821 seconds (JVM running for 22.203)
2021-07-29 11:04:29.915  INFO 10844 --- [restartedMain] com.cg.spring.boot.demo.Application      : End
2021-07-29 11:05:53.371  INFO 10844 --- [Thread-4] j.LocalContainerEntityManagerFactoryBean : Closing JPA EntityManagerFactory for persistence unit 'default'
2021-07-29 11:05:53.374  INFO 10844 --- [Thread-4] com.zaxxer.hikari.HikariDataSource       : HikariPool-1 - Shutdown initiated...
2021-07-29 11:05:53.380  INFO 10844 --- [Thread-4] com.zaxxer.hikari.HikariDataSource       : HikariPool-1 - Shutdown completed.
2021-07-29 11:05:53.559  INFO 10844 --- [restartedMain] com.cg.spring.boot.demo.Application      : Start
2021-07-29 11:05:53.595  INFO 10844 --- [restartedMain] com.cg.spring.boot.demo.Application      : Starting Application using Java 16.0.1 on LAPTOP-D8S8J9K6 with PID 10844 (C:\Users\91913\Documents\workspace-spring-tool-suite-4-4.11.0.RELEASE\com.cg.spring.boot.demo.june2021-main\target\classes started by 91913 in C:\Users\91913\Documents\workspace-spring-tool-suite-4-4.11.0.RELEASE\com.cg.spring.boot.demo.june2021-main)
2021-07-29 11:05:53.595  INFO 10844 --- [restartedMain] com.cg.spring.boot.demo.Application      : No active profile set, falling back to default profiles: default
2021-07-29 11:05:53.935  INFO 10844 --- [restartedMain] .s.d.r.c.RepositoryConfigurationDelegate : Bootstrapping Spring Data JPA repositories in DEFAULT mode.
2021-07-29 11:05:53.945  INFO 10844 --- [restartedMain] .s.d.r.c.RepositoryConfigurationDelegate : Finished Spring Data repository scanning in 9 ms. Found 1 JPA repository interfaces.
2021-07-29 11:05:54.041  INFO 10844 --- [restartedMain] o.s.b.w.embedded.tomcat.TomcatWebServer  : Tomcat initialized with port(s): 8084 (http)
2021-07-29 11:05:54.042  INFO 10844 --- [restartedMain] o.apache.catalina.core.StandardService   : Starting service [Tomcat]
2021-07-29 11:05:54.043  INFO 10844 --- [restartedMain] org.apache.catalina.core.StandardEngine  : Starting Servlet engine: [Apache Tomcat/9.0.48]
2021-07-29 11:05:54.119  INFO 10844 --- [restartedMain] o.a.c.c.C.[Tomcat].[localhost].[/]       : Initializing Spring embedded WebApplicationContext
2021-07-29 11:05:54.119  INFO 10844 --- [restartedMain] w.s.c.ServletWebServerApplicationContext : Root WebApplicationContext: initialization completed in 521 ms
2021-07-29 11:05:54.152  INFO 10844 --- [restartedMain] o.hibernate.jpa.internal.util.LogHelper  : HHH000204: Processing PersistenceUnitInfo [name: default]
2021-07-29 11:05:54.157  INFO 10844 --- [restartedMain] com.zaxxer.hikari.HikariDataSource       : HikariPool-2 - Starting...
2021-07-29 11:05:55.098  INFO 10844 --- [restartedMain] com.zaxxer.hikari.HikariDataSource       : HikariPool-2 - Start completed.
2021-07-29 11:05:55.100  INFO 10844 --- [restartedMain] org.hibernate.dialect.Dialect            : HHH000400: Using dialect: org.hibernate.dialect.PostgreSQLDialect
2021-07-29 11:05:55.230  INFO 10844 --- [restartedMain] o.h.e.t.j.p.i.JtaPlatformInitiator       : HHH000490: Using JtaPlatform implementation: [org.hibernate.engine.transaction.jta.platform.internal.NoJtaPlatform]
2021-07-29 11:05:55.230  INFO 10844 --- [restartedMain] j.LocalContainerEntityManagerFactoryBean : Initialized JPA EntityManagerFactory for persistence unit 'default'
2021-07-29 11:05:55.430  WARN 10844 --- [restartedMain] JpaBaseConfiguration$JpaWebConfiguration : spring.jpa.open-in-view is enabled by default. Therefore, database queries may be performed during view rendering. Explicitly configure spring.jpa.open-in-view to disable this warning
2021-07-29 11:05:55.469  INFO 10844 --- [restartedMain] pertySourcedRequestMappingHandlerMapping : Mapped URL path [/v2/api-docs] onto method [springfox.documentation.swagger2.web.Swagger2Controller#getDocumentation(String, HttpServletRequest)]
2021-07-29 11:05:55.472  INFO 10844 --- [restartedMain] com.cg.spring.boot.demo.SwaggerConfig    : Docket api
2021-07-29 11:05:55.498  INFO 10844 --- [restartedMain] o.s.b.d.a.OptionalLiveReloadServer       : LiveReload server is running on port 35729
2021-07-29 11:05:55.543  INFO 10844 --- [restartedMain] o.s.b.w.embedded.tomcat.TomcatWebServer  : Tomcat started on port(s): 8084 (http) with context path ''
2021-07-29 11:05:55.544  INFO 10844 --- [restartedMain] d.s.w.p.DocumentationPluginsBootstrapper : Context refreshed
2021-07-29 11:05:55.545  INFO 10844 --- [restartedMain] d.s.w.p.DocumentationPluginsBootstrapper : Found 1 custom documentation plugin(s)
2021-07-29 11:05:55.552  INFO 10844 --- [restartedMain] s.d.s.w.s.ApiListingReferenceScanner     : Scanning for api listing references
2021-07-29 11:05:55.638  INFO 10844 --- [restartedMain] com.cg.spring.boot.demo.Application      : Started Application in 2.076 seconds (JVM running for 107.931)
2021-07-29 11:05:55.644  INFO 10844 --- [restartedMain] .ConditionEvaluationDeltaLoggingListener : Condition evaluation unchanged
2021-07-29 11:05:55.645  INFO 10844 --- [restartedMain] com.cg.spring.boot.demo.Application      : End
2021-07-29 11:06:14.191  INFO 21360 --- [restartedMain] com.cg.spring.boot.demo.Application      : Starting Application using Java 16.0.1 on LAPTOP-D8S8J9K6 with PID 21360 (C:\Users\91913\Documents\workspace-spring-tool-suite-4-4.11.0.RELEASE\com.cg.spring.boot.demo.june2021-main\target\classes started by 91913 in C:\Users\91913\Documents\workspace-spring-tool-suite-4-4.11.0.RELEASE\com.cg.spring.boot.demo.june2021-main)
2021-07-29 11:06:14.192  INFO 21360 --- [restartedMain] com.cg.spring.boot.demo.Application      : No active profile set, falling back to default profiles: default
2021-07-29 11:06:14.298  INFO 21360 --- [restartedMain] .e.DevToolsPropertyDefaultsPostProcessor : Devtools property defaults active! Set 'spring.devtools.add-properties' to 'false' to disable
2021-07-29 11:06:14.298  INFO 21360 --- [restartedMain] .e.DevToolsPropertyDefaultsPostProcessor : For additional web related logging consider setting the 'logging.level.web' property to 'DEBUG'
2021-07-29 11:06:15.640  INFO 21360 --- [restartedMain] .s.d.r.c.RepositoryConfigurationDelegate : Bootstrapping Spring Data JPA repositories in DEFAULT mode.
2021-07-29 11:06:15.724  INFO 21360 --- [restartedMain] .s.d.r.c.RepositoryConfigurationDelegate : Finished Spring Data repository scanning in 67 ms. Found 1 JPA repository interfaces.
2021-07-29 11:06:16.695  INFO 21360 --- [restartedMain] o.s.b.w.embedded.tomcat.TomcatWebServer  : Tomcat initialized with port(s): 8084 (http)
2021-07-29 11:06:16.745  INFO 21360 --- [restartedMain] o.apache.catalina.core.StandardService   : Starting service [Tomcat]
2021-07-29 11:06:16.747  INFO 21360 --- [restartedMain] org.apache.catalina.core.StandardEngine  : Starting Servlet engine: [Apache Tomcat/9.0.48]
2021-07-29 11:06:16.882  INFO 21360 --- [restartedMain] o.a.c.c.C.[Tomcat].[localhost].[/]       : Initializing Spring embedded WebApplicationContext
2021-07-29 11:06:16.883  INFO 21360 --- [restartedMain] w.s.c.ServletWebServerApplicationContext : Root WebApplicationContext: initialization completed in 2584 ms
2021-07-29 11:06:17.175  INFO 21360 --- [restartedMain] o.hibernate.jpa.internal.util.LogHelper  : HHH000204: Processing PersistenceUnitInfo [name: default]
2021-07-29 11:06:17.294  INFO 21360 --- [restartedMain] org.hibernate.Version                    : HHH000412: Hibernate ORM core version 5.4.32.Final
2021-07-29 11:06:17.752  INFO 21360 --- [restartedMain] o.hibernate.annotations.common.Version   : HCANN000001: Hibernate Commons Annotations {5.1.2.Final}
2021-07-29 11:06:17.901  INFO 21360 --- [restartedMain] com.zaxxer.hikari.HikariDataSource       : HikariPool-1 - Starting...
2021-07-29 11:06:18.073  INFO 21360 --- [restartedMain] com.zaxxer.hikari.HikariDataSource       : HikariPool-1 - Start completed.
2021-07-29 11:06:18.095  INFO 21360 --- [restartedMain] org.hibernate.dialect.Dialect            : HHH000400: Using dialect: org.hibernate.dialect.PostgreSQLDialect
2021-07-29 11:06:19.068  INFO 21360 --- [restartedMain] o.h.e.t.j.p.i.JtaPlatformInitiator       : HHH000490: Using JtaPlatform implementation: [org.hibernate.engine.transaction.jta.platform.internal.NoJtaPlatform]
2021-07-29 11:06:19.080  INFO 21360 --- [restartedMain] j.LocalContainerEntityManagerFactoryBean : Initialized JPA EntityManagerFactory for persistence unit 'default'
2021-07-29 11:06:21.158  WARN 21360 --- [restartedMain] JpaBaseConfiguration$JpaWebConfiguration : spring.jpa.open-in-view is enabled by default. Therefore, database queries may be performed during view rendering. Explicitly configure spring.jpa.open-in-view to disable this warning
2021-07-29 11:06:21.807  INFO 21360 --- [restartedMain] pertySourcedRequestMappingHandlerMapping : Mapped URL path [/v2/api-docs] onto method [springfox.documentation.swagger2.web.Swagger2Controller#getDocumentation(String, HttpServletRequest)]
2021-07-29 11:06:21.812  INFO 21360 --- [restartedMain] com.cg.spring.boot.demo.SwaggerConfig    : Docket api
2021-07-29 11:06:21.944  INFO 21360 --- [restartedMain] o.s.b.d.a.OptionalLiveReloadServer       : LiveReload server is running on port 35729
2021-07-29 11:06:22.244  INFO 21360 --- [restartedMain] o.s.b.w.embedded.tomcat.TomcatWebServer  : Tomcat started on port(s): 8084 (http) with context path ''
2021-07-29 11:06:22.247  INFO 21360 --- [restartedMain] d.s.w.p.DocumentationPluginsBootstrapper : Context refreshed
2021-07-29 11:06:22.366  INFO 21360 --- [restartedMain] d.s.w.p.DocumentationPluginsBootstrapper : Found 1 custom documentation plugin(s)
2021-07-29 11:06:22.403  INFO 21360 --- [restartedMain] s.d.s.w.s.ApiListingReferenceScanner     : Scanning for api listing references
2021-07-29 11:06:22.700  INFO 21360 --- [restartedMain] com.cg.spring.boot.demo.Application      : Started Application in 8.92 seconds (JVM running for 9.482)
2021-07-29 11:06:22.708  INFO 21360 --- [restartedMain] com.cg.spring.boot.demo.Application      : End
2021-07-29 11:06:59.359  INFO 21360 --- [http-nio-8084-exec-1] o.a.c.c.C.[Tomcat].[localhost].[/]       : Initializing Spring DispatcherServlet 'dispatcherServlet'
2021-07-29 11:06:59.359  INFO 21360 --- [http-nio-8084-exec-1] o.s.web.servlet.DispatcherServlet        : Initializing Servlet 'dispatcherServlet'
2021-07-29 11:06:59.360  INFO 21360 --- [http-nio-8084-exec-1] o.s.web.servlet.DispatcherServlet        : Completed initialization in 1 ms
2021-07-29 11:06:59.381  INFO 21360 --- [http-nio-8084-exec-1] c.c.s.b.d.controller.EmployeeController  : getAllEmps
2021-07-29 11:06:59.381  INFO 21360 --- [http-nio-8084-exec-1] c.c.s.boot.demo.service.EmployeeService  : getAllEmployees
2021-07-29 11:07:55.640  INFO 21360 --- [Thread-4] j.LocalContainerEntityManagerFactoryBean : Closing JPA EntityManagerFactory for persistence unit 'default'
2021-07-29 11:07:55.658  INFO 21360 --- [Thread-4] com.zaxxer.hikari.HikariDataSource       : HikariPool-1 - Shutdown initiated...
2021-07-29 11:07:55.670  INFO 21360 --- [Thread-4] com.zaxxer.hikari.HikariDataSource       : HikariPool-1 - Shutdown completed.
2021-07-29 11:07:55.728  INFO 21360 --- [restartedMain] com.cg.spring.boot.demo.Application      : Start
2021-07-29 11:07:55.775  INFO 21360 --- [restartedMain] com.cg.spring.boot.demo.Application      : Starting Application using Java 16.0.1 on LAPTOP-D8S8J9K6 with PID 21360 (C:\Users\91913\Documents\workspace-spring-tool-suite-4-4.11.0.RELEASE\com.cg.spring.boot.demo.june2021-main\target\classes started by 91913 in C:\Users\91913\Documents\workspace-spring-tool-suite-4-4.11.0.RELEASE\com.cg.spring.boot.demo.june2021-main)
2021-07-29 11:07:55.775  INFO 21360 --- [restartedMain] com.cg.spring.boot.demo.Application      : No active profile set, falling back to default profiles: default
2021-07-29 11:07:56.289  INFO 21360 --- [restartedMain] .s.d.r.c.RepositoryConfigurationDelegate : Bootstrapping Spring Data JPA repositories in DEFAULT mode.
2021-07-29 11:07:56.303  INFO 21360 --- [restartedMain] .s.d.r.c.RepositoryConfigurationDelegate : Finished Spring Data repository scanning in 12 ms. Found 1 JPA repository interfaces.
2021-07-29 11:07:56.455  INFO 21360 --- [restartedMain] o.s.b.w.embedded.tomcat.TomcatWebServer  : Tomcat initialized with port(s): 8084 (http)
2021-07-29 11:07:56.456  INFO 21360 --- [restartedMain] o.apache.catalina.core.StandardService   : Starting service [Tomcat]
2021-07-29 11:07:56.456  INFO 21360 --- [restartedMain] org.apache.catalina.core.StandardEngine  : Starting Servlet engine: [Apache Tomcat/9.0.48]
2021-07-29 11:07:56.479  INFO 21360 --- [restartedMain] o.a.c.c.C.[Tomcat].[localhost].[/]       : Initializing Spring embedded WebApplicationContext
2021-07-29 11:07:56.479  INFO 21360 --- [restartedMain] w.s.c.ServletWebServerApplicationContext : Root WebApplicationContext: initialization completed in 700 ms
2021-07-29 11:07:56.527  INFO 21360 --- [restartedMain] o.hibernate.jpa.internal.util.LogHelper  : HHH000204: Processing PersistenceUnitInfo [name: default]
2021-07-29 11:07:56.533  INFO 21360 --- [restartedMain] com.zaxxer.hikari.HikariDataSource       : HikariPool-2 - Starting...
2021-07-29 11:07:56.734  INFO 21360 --- [restartedMain] com.zaxxer.hikari.HikariDataSource       : HikariPool-2 - Start completed.
2021-07-29 11:07:56.735  INFO 21360 --- [restartedMain] org.hibernate.dialect.Dialect            : HHH000400: Using dialect: org.hibernate.dialect.PostgreSQLDialect
2021-07-29 11:07:56.911  INFO 21360 --- [restartedMain] o.h.e.t.j.p.i.JtaPlatformInitiator       : HHH000490: Using JtaPlatform implementation: [org.hibernate.engine.transaction.jta.platform.internal.NoJtaPlatform]
2021-07-29 11:07:56.912  INFO 21360 --- [restartedMain] j.LocalContainerEntityManagerFactoryBean : Initialized JPA EntityManagerFactory for persistence unit 'default'
2021-07-29 11:07:57.173  WARN 21360 --- [restartedMain] JpaBaseConfiguration$JpaWebConfiguration : spring.jpa.open-in-view is enabled by default. Therefore, database queries may be performed during view rendering. Explicitly configure spring.jpa.open-in-view to disable this warning
2021-07-29 11:07:57.277  INFO 21360 --- [restartedMain] pertySourcedRequestMappingHandlerMapping : Mapped URL path [/v2/api-docs] onto method [springfox.documentation.swagger2.web.Swagger2Controller#getDocumentation(String, HttpServletRequest)]
2021-07-29 11:07:57.285  INFO 21360 --- [restartedMain] com.cg.spring.boot.demo.SwaggerConfig    : Docket api
2021-07-29 11:07:57.362  INFO 21360 --- [restartedMain] o.s.b.d.a.OptionalLiveReloadServer       : LiveReload server is running on port 35729
2021-07-29 11:07:57.438  INFO 21360 --- [restartedMain] o.s.b.w.embedded.tomcat.TomcatWebServer  : Tomcat started on port(s): 8084 (http) with context path ''
2021-07-29 11:07:57.439  INFO 21360 --- [restartedMain] d.s.w.p.DocumentationPluginsBootstrapper : Context refreshed
2021-07-29 11:07:57.440  INFO 21360 --- [restartedMain] d.s.w.p.DocumentationPluginsBootstrapper : Found 1 custom documentation plugin(s)
2021-07-29 11:07:57.446  INFO 21360 --- [restartedMain] s.d.s.w.s.ApiListingReferenceScanner     : Scanning for api listing references
2021-07-29 11:07:57.480  INFO 21360 --- [http-nio-8084-exec-1] o.a.c.c.C.[Tomcat].[localhost].[/]       : Initializing Spring DispatcherServlet 'dispatcherServlet'
2021-07-29 11:07:57.481  INFO 21360 --- [http-nio-8084-exec-1] o.s.web.servlet.DispatcherServlet        : Initializing Servlet 'dispatcherServlet'
2021-07-29 11:07:57.482  INFO 21360 --- [http-nio-8084-exec-1] o.s.web.servlet.DispatcherServlet        : Completed initialization in 1 ms
2021-07-29 11:07:57.485  INFO 21360 --- [http-nio-8084-exec-1] c.c.s.b.d.controller.EmployeeController  : getAllEmps
2021-07-29 11:07:57.488  INFO 21360 --- [http-nio-8084-exec-1] c.c.s.boot.demo.service.EmployeeService  : getAllEmployees
2021-07-29 11:07:57.672  INFO 21360 --- [restartedMain] com.cg.spring.boot.demo.Application      : Started Application in 1.937 seconds (JVM running for 104.455)
2021-07-29 11:07:57.681  INFO 21360 --- [restartedMain] .ConditionEvaluationDeltaLoggingListener : Condition evaluation unchanged
2021-07-29 11:07:57.682  INFO 21360 --- [restartedMain] com.cg.spring.boot.demo.Application      : End
2021-07-29 11:08:04.576  WARN 21360 --- [http-nio-8084-exec-3] o.s.web.servlet.PageNotFound             : Request method 'GET' not supported
2021-07-29 11:08:04.579  WARN 21360 --- [http-nio-8084-exec-3] .m.m.a.ExceptionHandlerExceptionResolver : Resolved [org.springframework.web.HttpRequestMethodNotSupportedException: Request method 'GET' not supported]
2021-07-29 11:08:44.686  INFO 18692 --- [restartedMain] com.cg.spring.boot.demo.Application      : Starting Application using Java 16.0.1 on LAPTOP-D8S8J9K6 with PID 18692 (C:\Users\91913\Documents\workspace-spring-tool-suite-4-4.11.0.RELEASE\com.cg.spring.boot.demo.june2021-main\target\classes started by 91913 in C:\Users\91913\Documents\workspace-spring-tool-suite-4-4.11.0.RELEASE\com.cg.spring.boot.demo.june2021-main)
2021-07-29 11:08:44.688  INFO 18692 --- [restartedMain] com.cg.spring.boot.demo.Application      : No active profile set, falling back to default profiles: default
2021-07-29 11:08:44.788  INFO 18692 --- [restartedMain] .e.DevToolsPropertyDefaultsPostProcessor : Devtools property defaults active! Set 'spring.devtools.add-properties' to 'false' to disable
2021-07-29 11:08:44.788  INFO 18692 --- [restartedMain] .e.DevToolsPropertyDefaultsPostProcessor : For additional web related logging consider setting the 'logging.level.web' property to 'DEBUG'
2021-07-29 11:08:45.927  INFO 18692 --- [restartedMain] .s.d.r.c.RepositoryConfigurationDelegate : Bootstrapping Spring Data JPA repositories in DEFAULT mode.
2021-07-29 11:08:46.005  INFO 18692 --- [restartedMain] .s.d.r.c.RepositoryConfigurationDelegate : Finished Spring Data repository scanning in 68 ms. Found 1 JPA repository interfaces.
2021-07-29 11:08:46.784  INFO 18692 --- [restartedMain] o.s.b.w.embedded.tomcat.TomcatWebServer  : Tomcat initialized with port(s): 8084 (http)
2021-07-29 11:08:46.804  INFO 18692 --- [restartedMain] o.apache.catalina.core.StandardService   : Starting service [Tomcat]
2021-07-29 11:08:46.807  INFO 18692 --- [restartedMain] org.apache.catalina.core.StandardEngine  : Starting Servlet engine: [Apache Tomcat/9.0.48]
2021-07-29 11:08:46.914  INFO 18692 --- [restartedMain] o.a.c.c.C.[Tomcat].[localhost].[/]       : Initializing Spring embedded WebApplicationContext
2021-07-29 11:08:46.915  INFO 18692 --- [restartedMain] w.s.c.ServletWebServerApplicationContext : Root WebApplicationContext: initialization completed in 2125 ms
2021-07-29 11:08:47.150  INFO 18692 --- [restartedMain] o.hibernate.jpa.internal.util.LogHelper  : HHH000204: Processing PersistenceUnitInfo [name: default]
2021-07-29 11:08:47.208  INFO 18692 --- [restartedMain] org.hibernate.Version                    : HHH000412: Hibernate ORM core version 5.4.32.Final
2021-07-29 11:08:47.395  INFO 18692 --- [restartedMain] o.hibernate.annotations.common.Version   : HCANN000001: Hibernate Commons Annotations {5.1.2.Final}
2021-07-29 11:08:47.504  INFO 18692 --- [restartedMain] com.zaxxer.hikari.HikariDataSource       : HikariPool-1 - Starting...
2021-07-29 11:08:47.800  INFO 18692 --- [restartedMain] com.zaxxer.hikari.HikariDataSource       : HikariPool-1 - Start completed.
2021-07-29 11:08:47.818  INFO 18692 --- [restartedMain] org.hibernate.dialect.Dialect            : HHH000400: Using dialect: org.hibernate.dialect.PostgreSQLDialect
2021-07-29 11:08:48.805  INFO 18692 --- [restartedMain] o.h.e.t.j.p.i.JtaPlatformInitiator       : HHH000490: Using JtaPlatform implementation: [org.hibernate.engine.transaction.jta.platform.internal.NoJtaPlatform]
2021-07-29 11:08:48.816  INFO 18692 --- [restartedMain] j.LocalContainerEntityManagerFactoryBean : Initialized JPA EntityManagerFactory for persistence unit 'default'
2021-07-29 11:08:49.640  WARN 18692 --- [restartedMain] JpaBaseConfiguration$JpaWebConfiguration : spring.jpa.open-in-view is enabled by default. Therefore, database queries may be performed during view rendering. Explicitly configure spring.jpa.open-in-view to disable this warning
2021-07-29 11:08:49.843  INFO 18692 --- [restartedMain] pertySourcedRequestMappingHandlerMapping : Mapped URL path [/v2/api-docs] onto method [springfox.documentation.swagger2.web.Swagger2Controller#getDocumentation(String, HttpServletRequest)]
2021-07-29 11:08:49.858  INFO 18692 --- [restartedMain] com.cg.spring.boot.demo.SwaggerConfig    : Docket api
2021-07-29 11:08:50.163  INFO 18692 --- [restartedMain] o.s.b.d.a.OptionalLiveReloadServer       : LiveReload server is running on port 35729
2021-07-29 11:08:50.446  INFO 18692 --- [restartedMain] o.s.b.w.embedded.tomcat.TomcatWebServer  : Tomcat started on port(s): 8084 (http) with context path ''
2021-07-29 11:08:50.447  INFO 18692 --- [restartedMain] d.s.w.p.DocumentationPluginsBootstrapper : Context refreshed
2021-07-29 11:08:50.473  INFO 18692 --- [restartedMain] d.s.w.p.DocumentationPluginsBootstrapper : Found 1 custom documentation plugin(s)
2021-07-29 11:08:50.502  INFO 18692 --- [restartedMain] s.d.s.w.s.ApiListingReferenceScanner     : Scanning for api listing references
2021-07-29 11:08:50.781  INFO 18692 --- [restartedMain] com.cg.spring.boot.demo.Application      : Started Application in 6.59 seconds (JVM running for 7.118)
2021-07-29 11:08:50.786  INFO 18692 --- [restartedMain] com.cg.spring.boot.demo.Application      : End
2021-07-29 11:08:57.719  INFO 18692 --- [http-nio-8084-exec-1] o.a.c.c.C.[Tomcat].[localhost].[/]       : Initializing Spring DispatcherServlet 'dispatcherServlet'
2021-07-29 11:08:57.720  INFO 18692 --- [http-nio-8084-exec-1] o.s.web.servlet.DispatcherServlet        : Initializing Servlet 'dispatcherServlet'
2021-07-29 11:08:57.721  INFO 18692 --- [http-nio-8084-exec-1] o.s.web.servlet.DispatcherServlet        : Completed initialization in 1 ms
2021-07-29 11:08:57.752  INFO 18692 --- [http-nio-8084-exec-1] c.c.s.b.d.controller.EmployeeController  : getAllEmps
2021-07-29 11:08:57.752  INFO 18692 --- [http-nio-8084-exec-1] c.c.s.boot.demo.service.EmployeeService  : getAllEmployees
2021-07-29 11:10:46.159  INFO 18692 --- [Thread-4] j.LocalContainerEntityManagerFactoryBean : Closing JPA EntityManagerFactory for persistence unit 'default'
2021-07-29 11:10:46.165  INFO 18692 --- [Thread-4] com.zaxxer.hikari.HikariDataSource       : HikariPool-1 - Shutdown initiated...
2021-07-29 11:10:46.182  INFO 18692 --- [Thread-4] com.zaxxer.hikari.HikariDataSource       : HikariPool-1 - Shutdown completed.
2021-07-29 11:10:46.243  INFO 18692 --- [restartedMain] com.cg.spring.boot.demo.Application      : Start
2021-07-29 11:10:46.609  INFO 18692 --- [restartedMain] com.cg.spring.boot.demo.Application      : Starting Application using Java 16.0.1 on LAPTOP-D8S8J9K6 with PID 18692 (C:\Users\91913\Documents\workspace-spring-tool-suite-4-4.11.0.RELEASE\com.cg.spring.boot.demo.june2021-main\target\classes started by 91913 in C:\Users\91913\Documents\workspace-spring-tool-suite-4-4.11.0.RELEASE\com.cg.spring.boot.demo.june2021-main)
2021-07-29 11:10:46.610  INFO 18692 --- [restartedMain] com.cg.spring.boot.demo.Application      : No active profile set, falling back to default profiles: default
2021-07-29 11:10:47.450  INFO 18692 --- [restartedMain] .s.d.r.c.RepositoryConfigurationDelegate : Bootstrapping Spring Data JPA repositories in DEFAULT mode.
2021-07-29 11:10:47.462  INFO 18692 --- [restartedMain] .s.d.r.c.RepositoryConfigurationDelegate : Finished Spring Data repository scanning in 11 ms. Found 1 JPA repository interfaces.
2021-07-29 11:10:47.584  INFO 18692 --- [restartedMain] o.s.b.w.embedded.tomcat.TomcatWebServer  : Tomcat initialized with port(s): 8084 (http)
2021-07-29 11:10:47.585  INFO 18692 --- [restartedMain] o.apache.catalina.core.StandardService   : Starting service [Tomcat]
2021-07-29 11:10:47.586  INFO 18692 --- [restartedMain] org.apache.catalina.core.StandardEngine  : Starting Servlet engine: [Apache Tomcat/9.0.48]
2021-07-29 11:10:47.611  INFO 18692 --- [restartedMain] o.a.c.c.C.[Tomcat].[localhost].[/]       : Initializing Spring embedded WebApplicationContext
2021-07-29 11:10:47.612  INFO 18692 --- [restartedMain] w.s.c.ServletWebServerApplicationContext : Root WebApplicationContext: initialization completed in 994 ms
2021-07-29 11:10:47.664  INFO 18692 --- [restartedMain] o.hibernate.jpa.internal.util.LogHelper  : HHH000204: Processing PersistenceUnitInfo [name: default]
2021-07-29 11:10:47.672  INFO 18692 --- [restartedMain] com.zaxxer.hikari.HikariDataSource       : HikariPool-2 - Starting...
2021-07-29 11:10:47.722  INFO 18692 --- [restartedMain] com.zaxxer.hikari.HikariDataSource       : HikariPool-2 - Start completed.
2021-07-29 11:10:47.723  INFO 18692 --- [restartedMain] org.hibernate.dialect.Dialect            : HHH000400: Using dialect: org.hibernate.dialect.PostgreSQLDialect
2021-07-29 11:10:47.911  INFO 18692 --- [restartedMain] o.h.e.t.j.p.i.JtaPlatformInitiator       : HHH000490: Using JtaPlatform implementation: [org.hibernate.engine.transaction.jta.platform.internal.NoJtaPlatform]
2021-07-29 11:10:47.913  INFO 18692 --- [restartedMain] j.LocalContainerEntityManagerFactoryBean : Initialized JPA EntityManagerFactory for persistence unit 'default'
2021-07-29 11:10:48.331  WARN 18692 --- [restartedMain] JpaBaseConfiguration$JpaWebConfiguration : spring.jpa.open-in-view is enabled by default. Therefore, database queries may be performed during view rendering. Explicitly configure spring.jpa.open-in-view to disable this warning
2021-07-29 11:10:48.434  INFO 18692 --- [restartedMain] pertySourcedRequestMappingHandlerMapping : Mapped URL path [/v2/api-docs] onto method [springfox.documentation.swagger2.web.Swagger2Controller#getDocumentation(String, HttpServletRequest)]
2021-07-29 11:10:48.439  INFO 18692 --- [restartedMain] com.cg.spring.boot.demo.SwaggerConfig    : Docket api
2021-07-29 11:10:48.500  INFO 18692 --- [restartedMain] o.s.b.d.a.OptionalLiveReloadServer       : LiveReload server is running on port 35729
2021-07-29 11:10:48.741  INFO 18692 --- [restartedMain] o.s.b.w.embedded.tomcat.TomcatWebServer  : Tomcat started on port(s): 8084 (http) with context path ''
2021-07-29 11:10:48.743  INFO 18692 --- [restartedMain] d.s.w.p.DocumentationPluginsBootstrapper : Context refreshed
2021-07-29 11:10:48.743  INFO 18692 --- [restartedMain] d.s.w.p.DocumentationPluginsBootstrapper : Found 1 custom documentation plugin(s)
2021-07-29 11:10:48.754  INFO 18692 --- [restartedMain] s.d.s.w.s.ApiListingReferenceScanner     : Scanning for api listing references
2021-07-29 11:10:48.838  INFO 18692 --- [restartedMain] com.cg.spring.boot.demo.Application      : Started Application in 2.588 seconds (JVM running for 125.175)
2021-07-29 11:10:48.841  INFO 18692 --- [restartedMain] .ConditionEvaluationDeltaLoggingListener : Condition evaluation unchanged
2021-07-29 11:10:48.843  INFO 18692 --- [restartedMain] com.cg.spring.boot.demo.Application      : End
2021-07-29 11:27:08.119  INFO 18692 --- [http-nio-8084-exec-1] o.a.c.c.C.[Tomcat].[localhost].[/]       : Initializing Spring DispatcherServlet 'dispatcherServlet'
2021-07-29 11:27:08.120  INFO 18692 --- [http-nio-8084-exec-1] o.s.web.servlet.DispatcherServlet        : Initializing Servlet 'dispatcherServlet'
2021-07-29 11:27:08.122  INFO 18692 --- [http-nio-8084-exec-1] o.s.web.servlet.DispatcherServlet        : Completed initialization in 2 ms
2021-07-29 11:27:08.175  INFO 18692 --- [http-nio-8084-exec-1] c.c.s.b.d.controller.EmployeeController  : getAllEmps
2021-07-29 11:27:08.176  INFO 18692 --- [http-nio-8084-exec-1] c.c.s.boot.demo.service.EmployeeService  : getAllEmployees
2021-07-29 11:28:28.118  INFO 18692 --- [http-nio-8084-exec-3] c.c.s.b.d.controller.EmployeeController  : getAllEmps
2021-07-29 11:28:28.119  INFO 18692 --- [http-nio-8084-exec-3] c.c.s.boot.demo.service.EmployeeService  : getAllEmployees
2021-07-29 11:32:02.156  INFO 18692 --- [http-nio-8084-exec-6] c.c.s.b.d.controller.EmployeeController  : getAllEmps
2021-07-29 11:32:02.157  INFO 18692 --- [http-nio-8084-exec-6] c.c.s.boot.demo.service.EmployeeService  : getAllEmployees
2021-07-29 11:38:00.855  INFO 18692 --- [http-nio-8084-exec-7] c.c.s.b.d.controller.EmployeeController  : getAllEmps
2021-07-29 11:38:00.856  INFO 18692 --- [http-nio-8084-exec-7] c.c.s.boot.demo.service.EmployeeService  : getAllEmployees
2021-07-29 11:38:22.345  INFO 18692 --- [http-nio-8084-exec-8] com.cg.spring.boot.demo.Hello            : welcome
2021-07-29 11:38:42.164  INFO 18692 --- [http-nio-8084-exec-9] c.c.s.b.d.controller.EmployeeController  : getAllEmps
2021-07-29 11:38:42.165  INFO 18692 --- [http-nio-8084-exec-9] c.c.s.boot.demo.service.EmployeeService  : getAllEmployees
2021-07-29 11:44:06.374  INFO 18692 --- [http-nio-8084-exec-3] c.c.s.b.d.controller.EmployeeController  : getAllEmps
2021-07-29 11:44:06.375  INFO 18692 --- [http-nio-8084-exec-3] c.c.s.boot.demo.service.EmployeeService  : getAllEmployees
2021-07-29 11:44:08.120  INFO 18692 --- [http-nio-8084-exec-4] c.c.s.b.d.controller.EmployeeController  : getAllEmps
2021-07-29 11:44:08.121  INFO 18692 --- [http-nio-8084-exec-4] c.c.s.boot.demo.service.EmployeeService  : getAllEmployees
2021-07-29 11:44:40.392  INFO 18692 --- [http-nio-8084-exec-6] c.c.s.b.d.controller.EmployeeController  : getAllEmps
2021-07-29 11:44:40.393  INFO 18692 --- [http-nio-8084-exec-6] c.c.s.boot.demo.service.EmployeeService  : getAllEmployees
2021-07-29 11:44:41.040  INFO 18692 --- [http-nio-8084-exec-5] c.c.s.b.d.controller.EmployeeController  : getAllEmps
2021-07-29 11:44:41.040  INFO 18692 --- [http-nio-8084-exec-5] c.c.s.boot.demo.service.EmployeeService  : getAllEmployees
2021-07-29 11:44:42.673  INFO 18692 --- [http-nio-8084-exec-7] c.c.s.b.d.controller.EmployeeController  : getAllEmps
2021-07-29 11:44:42.674  INFO 18692 --- [http-nio-8084-exec-7] c.c.s.boot.demo.service.EmployeeService  : getAllEmployees
2021-07-29 12:07:23.513  INFO 18692 --- [http-nio-8084-exec-9] c.c.s.b.d.controller.EmployeeController  : getAllEmps
2021-07-29 12:07:23.513  INFO 18692 --- [http-nio-8084-exec-9] c.c.s.boot.demo.service.EmployeeService  : getAllEmployees
